#-----------------------------------------------------------
# Webtalk v2018.2 (64-bit)
# SW Build 2258646 on Thu Jun 14 20:03:12 MDT 2018
# 
# Start of session at: Wed Jan  8 10:29:02 2020
# Process ID: 19984
# Current directory: D:/TRENZ_TE0808/TE0808_Ethernet_2018.2/StarterKit/workspace/sdk/webtalk
# Command line: wbtcv.exe -mode batch -source sdk_webtalk.tcl
# Log file: D:/TRENZ_TE0808/TE0808_Ethernet_2018.2/StarterKit/workspace/sdk/webtalk/webtalk.log
# Journal file: D:/TRENZ_TE0808/TE0808_Ethernet_2018.2/StarterKit/workspace/sdk/webtalk\webtalk.jou
#-----------------------------------------------------------
source sdk_webtalk.tcl
# webtalk_init -webtalk_dir D:\\TRENZ_TE0808\\TE0808_Ethernet_2018.2\\StarterKit\\workspace\\sdk\\webtalk
# webtalk_register_client -client project
# webtalk_add_data -client project -key date_generated -value "2020-01-08 10:29:00" -context "software_version_and_target_device"
# webtalk_add_data -client project -key product_version -value "SDK v2018.2" -context "software_version_and_target_device"
# webtalk_add_data -client project -key build_version -value "2018.2" -context "software_version_and_target_device"
# webtalk_add_data -client project -key os_platform -value "amd64" -context "software_version_and_target_device"
# webtalk_add_data -client project -key registration_id -value "" -context "software_version_and_target_device"
# webtalk_add_data -client project -key tool_flow -value "SDK" -context "software_version_and_target_device"
# webtalk_add_data -client project -key beta -value "false" -context "software_version_and_target_device"
# webtalk_add_data -client project -key route_design -value "NA" -context "software_version_and_target_device"
# webtalk_add_data -client project -key target_family -value "NA" -context "software_version_and_target_device"
# webtalk_add_data -client project -key target_device -value "NA" -context "software_version_and_target_device"
# webtalk_add_data -client project -key target_package -value "NA" -context "software_version_and_target_device"
# webtalk_add_data -client project -key target_speed -value "NA" -context "software_version_and_target_device"
# webtalk_add_data -client project -key random_id -value "n3hh62ias2ij6siv8khs5n11cb" -context "software_version_and_target_device"
# webtalk_add_data -client project -key project_id -value "2018.2_10" -context "software_version_and_target_device"
# webtalk_add_data -client project -key project_iteration -value "10" -context "software_version_and_target_device"
# webtalk_add_data -client project -key os_name -value "Microsoft Windows 8 or later , 64-bit" -context "user_environment"
# webtalk_add_data -client project -key os_release -value "major release  (build 9200)" -context "user_environment"
# webtalk_add_data -client project -key cpu_name -value "Intel(R) Core(TM) i7-8700 CPU @ 3.20GHz" -context "user_environment"
# webtalk_add_data -client project -key cpu_speed -value "3192 MHz" -context "user_environment"
# webtalk_add_data -client project -key total_processors -value "1" -context "user_environment"
# webtalk_add_data -client project -key system_ram -value "17.115 GB" -context "user_environment"
# webtalk_register_client -client sdk
# webtalk_add_data -client sdk -key uid -value "1578446468701" -context "sdk\\\\bsp/1578446468701"
# webtalk_add_data -client sdk -key hwid -value "1577427431008" -context "sdk\\\\bsp/1578446468701"
# webtalk_add_data -client sdk -key os -value "standalone" -context "sdk\\\\bsp/1578446468701"
# webtalk_add_data -client sdk -key apptemplate -value "null" -context "sdk\\\\bsp/1578446468701"
# webtalk_add_data -client sdk -key RecordType -value "BSPCreation" -context "sdk\\\\bsp/1578446468701"
# webtalk_add_data -client sdk -key uid -value "NA" -context "sdk\\\\bsp/1578446940836"
# webtalk_add_data -client sdk -key RecordType -value "ToolUsage" -context "sdk\\\\bsp/1578446940836"
# webtalk_add_data -client sdk -key BootgenCount -value "0" -context "sdk\\\\bsp/1578446940836"
# webtalk_add_data -client sdk -key DebugCount -value "0" -context "sdk\\\\bsp/1578446940836"
# webtalk_add_data -client sdk -key PerfCount -value "0" -context "sdk\\\\bsp/1578446940836"
# webtalk_add_data -client sdk -key FlashCount -value "0" -context "sdk\\\\bsp/1578446940836"
# webtalk_add_data -client sdk -key CrossTriggCount -value "0" -context "sdk\\\\bsp/1578446940836"
# webtalk_add_data -client sdk -key QemuDebugCount -value "0" -context "sdk\\\\bsp/1578446940836"
# webtalk_transmit -clientid 1227977590 -regid "" -xml D:\\TRENZ_TE0808\\TE0808_Ethernet_2018.2\\StarterKit\\workspace\\sdk\\webtalk\\usage_statistics_ext_sdk.xml -html D:\\TRENZ_TE0808\\TE0808_Ethernet_2018.2\\StarterKit\\workspace\\sdk\\webtalk\\usage_statistics_ext_sdk.html -wdm D:\\TRENZ_TE0808\\TE0808_Ethernet_2018.2\\StarterKit\\workspace\\sdk\\webtalk\\sdk_webtalk.wdm -intro "<H3>SDK Usage Report</H3><BR>"
# webtalk_terminate
INFO: [Common 17-206] Exiting Webtalk at Wed Jan  8 10:29:02 2020...
