#-----------------------------------------------------------
# Webtalk v2018.2 (64-bit)
# SW Build 2258646 on Thu Jun 14 20:03:12 MDT 2018
# 
# Start of session at: Thu Jan  9 11:22:35 2020
# Process ID: 9192
# Current directory: D:/TRENZ_TE0808/TE0808_Ethernet_2018.2/StarterKit/workspace/sdk/webtalk
# Command line: wbtcv.exe -mode batch -source sdk_webtalk.tcl
# Log file: D:/TRENZ_TE0808/TE0808_Ethernet_2018.2/StarterKit/workspace/sdk/webtalk/webtalk.log
# Journal file: D:/TRENZ_TE0808/TE0808_Ethernet_2018.2/StarterKit/workspace/sdk/webtalk\webtalk.jou
#-----------------------------------------------------------
source sdk_webtalk.tcl
# webtalk_init -webtalk_dir D:\\TRENZ_TE0808\\TE0808_Ethernet_2018.2\\StarterKit\\workspace\\sdk\\webtalk
# webtalk_register_client -client project
# webtalk_add_data -client project -key date_generated -value "2020-01-09 11:22:32" -context "software_version_and_target_device"
# webtalk_add_data -client project -key product_version -value "SDK v2018.2" -context "software_version_and_target_device"
# webtalk_add_data -client project -key build_version -value "2018.2" -context "software_version_and_target_device"
# webtalk_add_data -client project -key os_platform -value "amd64" -context "software_version_and_target_device"
# webtalk_add_data -client project -key registration_id -value "" -context "software_version_and_target_device"
# webtalk_add_data -client project -key tool_flow -value "SDK" -context "software_version_and_target_device"
# webtalk_add_data -client project -key beta -value "false" -context "software_version_and_target_device"
# webtalk_add_data -client project -key route_design -value "NA" -context "software_version_and_target_device"
# webtalk_add_data -client project -key target_family -value "NA" -context "software_version_and_target_device"
# webtalk_add_data -client project -key target_device -value "NA" -context "software_version_and_target_device"
# webtalk_add_data -client project -key target_package -value "NA" -context "software_version_and_target_device"
# webtalk_add_data -client project -key target_speed -value "NA" -context "software_version_and_target_device"
# webtalk_add_data -client project -key random_id -value "2mu0g4jskbjkeolp7qqpsmjjlb" -context "software_version_and_target_device"
# webtalk_add_data -client project -key project_id -value "2018.2_12" -context "software_version_and_target_device"
# webtalk_add_data -client project -key project_iteration -value "12" -context "software_version_and_target_device"
# webtalk_add_data -client project -key os_name -value "Microsoft Windows 8 or later , 64-bit" -context "user_environment"
# webtalk_add_data -client project -key os_release -value "major release  (build 9200)" -context "user_environment"
# webtalk_add_data -client project -key cpu_name -value "Intel(R) Core(TM) i7-8700 CPU @ 3.20GHz" -context "user_environment"
# webtalk_add_data -client project -key cpu_speed -value "3192 MHz" -context "user_environment"
# webtalk_add_data -client project -key total_processors -value "1" -context "user_environment"
# webtalk_add_data -client project -key system_ram -value "17.115 GB" -context "user_environment"
# webtalk_register_client -client sdk
# webtalk_add_data -client sdk -key uid -value "1578529263505" -context "sdk\\\\hardware/1578529263505"
# webtalk_add_data -client sdk -key isZynq -value "false" -context "sdk\\\\hardware/1578529263505"
# webtalk_add_data -client sdk -key isZynqMP -value "true" -context "sdk\\\\hardware/1578529263505"
# webtalk_add_data -client sdk -key Processors -value "7" -context "sdk\\\\hardware/1578529263505"
# webtalk_add_data -client sdk -key VivadoVersion -value "2018.2" -context "sdk\\\\hardware/1578529263505"
# webtalk_add_data -client sdk -key Arch -value "zynquplus" -context "sdk\\\\hardware/1578529263505"
# webtalk_add_data -client sdk -key Device -value "xczu15eg" -context "sdk\\\\hardware/1578529263505"
# webtalk_add_data -client sdk -key IsHandoff -value "true" -context "sdk\\\\hardware/1578529263505"
# webtalk_add_data -client sdk -key os -value "NA" -context "sdk\\\\hardware/1578529263505"
# webtalk_add_data -client sdk -key apptemplate -value "NA" -context "sdk\\\\hardware/1578529263505"
# webtalk_add_data -client sdk -key RecordType -value "HWCreation" -context "sdk\\\\hardware/1578529263505"
# webtalk_add_data -client sdk -key uid -value "1578529537321" -context "sdk\\\\bsp/1578529537321"
# webtalk_add_data -client sdk -key hwid -value "1578529263505" -context "sdk\\\\bsp/1578529537321"
# webtalk_add_data -client sdk -key os -value "standalone" -context "sdk\\\\bsp/1578529537321"
# webtalk_add_data -client sdk -key apptemplate -value "zynqmp_fsbl" -context "sdk\\\\bsp/1578529537321"
# webtalk_add_data -client sdk -key RecordType -value "BSPCreation" -context "sdk\\\\bsp/1578529537321"
# webtalk_add_data -client sdk -key uid -value "1578529561746" -context "sdk\\\\application/1578529561746"
# webtalk_add_data -client sdk -key hwid -value "1578529263505" -context "sdk\\\\application/1578529561746"
# webtalk_add_data -client sdk -key bspid -value "1578529537321" -context "sdk\\\\application/1578529561746"
# webtalk_add_data -client sdk -key newbsp -value "true" -context "sdk\\\\application/1578529561746"
# webtalk_add_data -client sdk -key os -value "standalone" -context "sdk\\\\application/1578529561746"
# webtalk_add_data -client sdk -key apptemplate -value "zynqmp_fsbl" -context "sdk\\\\application/1578529561746"
# webtalk_add_data -client sdk -key RecordType -value "APPCreation" -context "sdk\\\\application/1578529561746"
# webtalk_add_data -client sdk -key LangUsed -value "C" -context "sdk\\\\application/1578529561746"
# webtalk_add_data -client sdk -key Procused -value "psu_cortexa53" -context "sdk\\\\application/1578529561746"
# webtalk_add_data -client sdk -key projSize -value "134.6015625" -context "sdk\\\\application/1578529561746"
# webtalk_add_data -client sdk -key uid -value "1578530495753" -context "sdk\\\\bsp/1578530495753"
# webtalk_add_data -client sdk -key hwid -value "1578529263505" -context "sdk\\\\bsp/1578530495753"
# webtalk_add_data -client sdk -key os -value "standalone" -context "sdk\\\\bsp/1578530495753"
# webtalk_add_data -client sdk -key apptemplate -value "hello_te0808" -context "sdk\\\\bsp/1578530495753"
# webtalk_add_data -client sdk -key RecordType -value "BSPCreation" -context "sdk\\\\bsp/1578530495753"
# webtalk_add_data -client sdk -key uid -value "1578530498404" -context "sdk\\\\application/1578530498404"
# webtalk_add_data -client sdk -key hwid -value "1578529263505" -context "sdk\\\\application/1578530498404"
# webtalk_add_data -client sdk -key bspid -value "1578530495753" -context "sdk\\\\application/1578530498404"
# webtalk_add_data -client sdk -key newbsp -value "true" -context "sdk\\\\application/1578530498404"
# webtalk_add_data -client sdk -key os -value "standalone" -context "sdk\\\\application/1578530498404"
# webtalk_add_data -client sdk -key apptemplate -value "hello_te0808" -context "sdk\\\\application/1578530498404"
# webtalk_add_data -client sdk -key RecordType -value "APPCreation" -context "sdk\\\\application/1578530498404"
# webtalk_add_data -client sdk -key LangUsed -value "C" -context "sdk\\\\application/1578530498404"
# webtalk_add_data -client sdk -key Procused -value "psu_cortexa53" -context "sdk\\\\application/1578530498404"
# webtalk_add_data -client sdk -key projSize -value "253.5859375" -context "sdk\\\\application/1578530498404"
# webtalk_add_data -client sdk -key uid -value "1578530575885" -context "sdk\\\\bsp/1578530575885"
# webtalk_add_data -client sdk -key hwid -value "1578529263505" -context "sdk\\\\bsp/1578530575885"
# webtalk_add_data -client sdk -key os -value "standalone" -context "sdk\\\\bsp/1578530575885"
# webtalk_add_data -client sdk -key apptemplate -value "lwip_echo_server" -context "sdk\\\\bsp/1578530575885"
# webtalk_add_data -client sdk -key RecordType -value "BSPCreation" -context "sdk\\\\bsp/1578530575885"
# webtalk_add_data -client sdk -key uid -value "1578530583352" -context "sdk\\\\application/1578530583352"
# webtalk_add_data -client sdk -key hwid -value "1578529263505" -context "sdk\\\\application/1578530583352"
# webtalk_add_data -client sdk -key bspid -value "1578530575885" -context "sdk\\\\application/1578530583352"
# webtalk_add_data -client sdk -key newbsp -value "true" -context "sdk\\\\application/1578530583352"
# webtalk_add_data -client sdk -key os -value "standalone" -context "sdk\\\\application/1578530583352"
# webtalk_add_data -client sdk -key apptemplate -value "lwip_echo_server" -context "sdk\\\\application/1578530583352"
# webtalk_add_data -client sdk -key RecordType -value "APPCreation" -context "sdk\\\\application/1578530583352"
# webtalk_add_data -client sdk -key LangUsed -value "C" -context "sdk\\\\application/1578530583352"
# webtalk_add_data -client sdk -key Procused -value "psu_cortexa53" -context "sdk\\\\application/1578530583352"
# webtalk_add_data -client sdk -key projSize -value "1039.2265625" -context "sdk\\\\application/1578530583352"
# webtalk_add_data -client sdk -key uid -value "NA" -context "sdk\\\\bsp/1578536552467"
# webtalk_add_data -client sdk -key RecordType -value "ToolUsage" -context "sdk\\\\bsp/1578536552467"
# webtalk_add_data -client sdk -key BootgenCount -value "0" -context "sdk\\\\bsp/1578536552467"
# webtalk_add_data -client sdk -key DebugCount -value "11" -context "sdk\\\\bsp/1578536552467"
# webtalk_add_data -client sdk -key PerfCount -value "0" -context "sdk\\\\bsp/1578536552467"
# webtalk_add_data -client sdk -key FlashCount -value "0" -context "sdk\\\\bsp/1578536552467"
# webtalk_add_data -client sdk -key CrossTriggCount -value "0" -context "sdk\\\\bsp/1578536552467"
# webtalk_add_data -client sdk -key QemuDebugCount -value "0" -context "sdk\\\\bsp/1578536552467"
# webtalk_transmit -clientid 3672202370 -regid "" -xml D:\\TRENZ_TE0808\\TE0808_Ethernet_2018.2\\StarterKit\\workspace\\sdk\\webtalk\\usage_statistics_ext_sdk.xml -html D:\\TRENZ_TE0808\\TE0808_Ethernet_2018.2\\StarterKit\\workspace\\sdk\\webtalk\\usage_statistics_ext_sdk.html -wdm D:\\TRENZ_TE0808\\TE0808_Ethernet_2018.2\\StarterKit\\workspace\\sdk\\webtalk\\sdk_webtalk.wdm -intro "<H3>SDK Usage Report</H3><BR>"
# webtalk_terminate
INFO: [Common 17-206] Exiting Webtalk at Thu Jan  9 11:22:43 2020...
