09:20:42 INFO  : Registering command handlers for SDK TCF services
09:20:43 INFO  : Launching XSCT server: xsct.bat -interactive D:\TRENZ_TE0808\TE0808_Ethernet_2018.2\StarterKit\workspace\sdk\temp_xsdb_launch_script.tcl
09:20:46 INFO  : XSCT server has started successfully.
09:20:52 INFO  : Successfully done setting XSCT server connection channel  
09:20:52 INFO  : Successfully done setting SDK workspace  
09:20:52 INFO  : Processing command line option -hwspec D:/TRENZ_TE0808/TE0808_Ethernet_2018.2/StarterKit/workspace/sdk/zusys_wrapper.hdf.
09:20:52 INFO  : Processing command line option -lp D:/TRENZ_TE0808/TE0808_Ethernet_2018.2/StarterKit/sw_lib.
09:20:52 INFO  : Adding 'D:/TRENZ_TE0808/TE0808_Ethernet_2018.2/StarterKit/sw_lib' as a new local repository.
09:28:57 INFO  : Connected to target on host '127.0.0.1' and port '3121'.
09:28:58 INFO  : Jtag cable 'JTAG-ONB4 251633002638A' is selected.
09:28:58 INFO  : 'jtag frequency' command is executed.
09:28:58 INFO  : Sourcing of 'D:/Xilinx/SDK/2018.2/scripts/sdk/util/zynqmp_utils.tcl' is done.
09:28:58 INFO  : Context for 'APU' is selected.
09:28:58 INFO  : Hardware design information is loaded from 'D:/TRENZ_TE0808/TE0808_Ethernet_2018.2/StarterKit/workspace/sdk/zusys_wrapper_hw_platform_0/system.hdf'.
09:28:58 INFO  : 'configparams force-mem-access 1' command is executed.
09:28:58 INFO  : Context for 'APU' is selected.
09:28:58 INFO  : Sourcing of 'D:/TRENZ_TE0808/TE0808_Ethernet_2018.2/StarterKit/workspace/sdk/zusys_wrapper_hw_platform_0/psu_init.tcl' is done.
09:28:59 ERROR : Timeout Reached. Mask poll failed at ADDRESS: 0XFD4023E4 MASK: 0x00000010
09:28:59 INFO  : ----------------XSDB Script----------------
connect -url tcp:127.0.0.1:3121
source D:/Xilinx/SDK/2018.2/scripts/sdk/util/zynqmp_utils.tcl
targets -set -nocase -filter {name =~"APU*" && jtag_cable_name =~ "JTAG-ONB4 251633002638A"} -index 1
loadhw -hw D:/TRENZ_TE0808/TE0808_Ethernet_2018.2/StarterKit/workspace/sdk/zusys_wrapper_hw_platform_0/system.hdf -mem-ranges [list {0x80000000 0xbfffffff} {0x400000000 0x5ffffffff} {0x1000000000 0x7fffffffff}]
configparams force-mem-access 1
targets -set -nocase -filter {name =~"APU*" && jtag_cable_name =~ "JTAG-ONB4 251633002638A"} -index 1
source D:/TRENZ_TE0808/TE0808_Ethernet_2018.2/StarterKit/workspace/sdk/zusys_wrapper_hw_platform_0/psu_init.tcl
psu_init
----------------End of Script----------------

09:33:11 INFO  : Connected to target on host '127.0.0.1' and port '3121'.
09:33:11 INFO  : Jtag cable 'JTAG-ONB4 251633002638A' is selected.
09:33:11 INFO  : 'jtag frequency' command is executed.
09:33:11 INFO  : Sourcing of 'D:/Xilinx/SDK/2018.2/scripts/sdk/util/zynqmp_utils.tcl' is done.
09:33:11 INFO  : Context for 'APU' is selected.
09:33:11 INFO  : Hardware design information is loaded from 'D:/TRENZ_TE0808/TE0808_Ethernet_2018.2/StarterKit/workspace/sdk/zusys_wrapper_hw_platform_0/system.hdf'.
09:33:12 INFO  : 'configparams force-mem-access 1' command is executed.
09:33:12 INFO  : Context for 'APU' is selected.
09:33:12 INFO  : Sourcing of 'D:/TRENZ_TE0808/TE0808_Ethernet_2018.2/StarterKit/workspace/sdk/zusys_wrapper_hw_platform_0/psu_init.tcl' is done.
09:33:12 ERROR : Timeout Reached. Mask poll failed at ADDRESS: 0XFD4023E4 MASK: 0x00000010
09:33:12 INFO  : ----------------XSDB Script----------------
connect -url tcp:127.0.0.1:3121
source D:/Xilinx/SDK/2018.2/scripts/sdk/util/zynqmp_utils.tcl
targets -set -nocase -filter {name =~"APU*" && jtag_cable_name =~ "JTAG-ONB4 251633002638A"} -index 1
loadhw -hw D:/TRENZ_TE0808/TE0808_Ethernet_2018.2/StarterKit/workspace/sdk/zusys_wrapper_hw_platform_0/system.hdf -mem-ranges [list {0x80000000 0xbfffffff} {0x400000000 0x5ffffffff} {0x1000000000 0x7fffffffff}]
configparams force-mem-access 1
targets -set -nocase -filter {name =~"APU*" && jtag_cable_name =~ "JTAG-ONB4 251633002638A"} -index 1
source D:/TRENZ_TE0808/TE0808_Ethernet_2018.2/StarterKit/workspace/sdk/zusys_wrapper_hw_platform_0/psu_init.tcl
psu_init
----------------End of Script----------------

09:33:31 INFO  : Connected to target on host '127.0.0.1' and port '3121'.
09:33:32 INFO  : Jtag cable 'JTAG-ONB4 251633002638A' is selected.
09:33:32 INFO  : 'jtag frequency' command is executed.
09:33:32 INFO  : Sourcing of 'D:/Xilinx/SDK/2018.2/scripts/sdk/util/zynqmp_utils.tcl' is done.
09:33:32 INFO  : Context for 'APU' is selected.
09:33:32 INFO  : Hardware design information is loaded from 'D:/TRENZ_TE0808/TE0808_Ethernet_2018.2/StarterKit/workspace/sdk/zusys_wrapper_hw_platform_0/system.hdf'.
09:33:32 INFO  : 'configparams force-mem-access 1' command is executed.
09:33:32 INFO  : Context for 'APU' is selected.
09:33:32 INFO  : Sourcing of 'D:/TRENZ_TE0808/TE0808_Ethernet_2018.2/StarterKit/workspace/sdk/zusys_wrapper_hw_platform_0/psu_init.tcl' is done.
09:33:33 ERROR : Timeout Reached. Mask poll failed at ADDRESS: 0XFD4023E4 MASK: 0x00000010
09:33:33 INFO  : ----------------XSDB Script----------------
connect -url tcp:127.0.0.1:3121
source D:/Xilinx/SDK/2018.2/scripts/sdk/util/zynqmp_utils.tcl
targets -set -nocase -filter {name =~"APU*" && jtag_cable_name =~ "JTAG-ONB4 251633002638A"} -index 1
loadhw -hw D:/TRENZ_TE0808/TE0808_Ethernet_2018.2/StarterKit/workspace/sdk/zusys_wrapper_hw_platform_0/system.hdf -mem-ranges [list {0x80000000 0xbfffffff} {0x400000000 0x5ffffffff} {0x1000000000 0x7fffffffff}]
configparams force-mem-access 1
targets -set -nocase -filter {name =~"APU*" && jtag_cable_name =~ "JTAG-ONB4 251633002638A"} -index 1
source D:/TRENZ_TE0808/TE0808_Ethernet_2018.2/StarterKit/workspace/sdk/zusys_wrapper_hw_platform_0/psu_init.tcl
psu_init
----------------End of Script----------------

09:34:07 INFO  : Connected to target on host '127.0.0.1' and port '3121'.
09:34:07 INFO  : Jtag cable 'JTAG-ONB4 251633002638A' is selected.
09:34:07 INFO  : 'jtag frequency' command is executed.
09:34:07 INFO  : Sourcing of 'D:/Xilinx/SDK/2018.2/scripts/sdk/util/zynqmp_utils.tcl' is done.
09:34:07 INFO  : Context for 'APU' is selected.
09:34:07 INFO  : Hardware design information is loaded from 'D:/TRENZ_TE0808/TE0808_Ethernet_2018.2/StarterKit/workspace/sdk/zusys_wrapper_hw_platform_0/system.hdf'.
09:34:07 INFO  : 'configparams force-mem-access 1' command is executed.
09:34:07 INFO  : Context for 'APU' is selected.
09:34:08 INFO  : Sourcing of 'D:/TRENZ_TE0808/TE0808_Ethernet_2018.2/StarterKit/workspace/sdk/zusys_wrapper_hw_platform_0/psu_init.tcl' is done.
09:34:08 ERROR : Timeout Reached. Mask poll failed at ADDRESS: 0XFD4063E4 MASK: 0x00000010
09:34:08 INFO  : ----------------XSDB Script----------------
connect -url tcp:127.0.0.1:3121
source D:/Xilinx/SDK/2018.2/scripts/sdk/util/zynqmp_utils.tcl
targets -set -nocase -filter {name =~"APU*" && jtag_cable_name =~ "JTAG-ONB4 251633002638A"} -index 1
loadhw -hw D:/TRENZ_TE0808/TE0808_Ethernet_2018.2/StarterKit/workspace/sdk/zusys_wrapper_hw_platform_0/system.hdf -mem-ranges [list {0x80000000 0xbfffffff} {0x400000000 0x5ffffffff} {0x1000000000 0x7fffffffff}]
configparams force-mem-access 1
targets -set -nocase -filter {name =~"APU*" && jtag_cable_name =~ "JTAG-ONB4 251633002638A"} -index 1
source D:/TRENZ_TE0808/TE0808_Ethernet_2018.2/StarterKit/workspace/sdk/zusys_wrapper_hw_platform_0/psu_init.tcl
psu_init
----------------End of Script----------------

09:36:51 INFO  : Connected to target on host '127.0.0.1' and port '3121'.
09:36:51 INFO  : Jtag cable 'JTAG-ONB4 251633002638A' is selected.
09:36:51 INFO  : 'jtag frequency' command is executed.
09:36:51 INFO  : Sourcing of 'D:/Xilinx/SDK/2018.2/scripts/sdk/util/zynqmp_utils.tcl' is done.
09:36:51 INFO  : Context for 'APU' is selected.
09:36:51 INFO  : Hardware design information is loaded from 'D:/TRENZ_TE0808/TE0808_Ethernet_2018.2/StarterKit/workspace/sdk/zusys_wrapper_hw_platform_0/system.hdf'.
09:36:51 INFO  : 'configparams force-mem-access 1' command is executed.
09:36:51 INFO  : Context for 'APU' is selected.
09:36:51 INFO  : Sourcing of 'D:/TRENZ_TE0808/TE0808_Ethernet_2018.2/StarterKit/workspace/sdk/zusys_wrapper_hw_platform_0/psu_init.tcl' is done.
09:36:52 ERROR : Timeout Reached. Mask poll failed at ADDRESS: 0XFD40E3E4 MASK: 0x00000010
09:36:52 INFO  : ----------------XSDB Script----------------
connect -url tcp:127.0.0.1:3121
source D:/Xilinx/SDK/2018.2/scripts/sdk/util/zynqmp_utils.tcl
targets -set -nocase -filter {name =~"APU*" && jtag_cable_name =~ "JTAG-ONB4 251633002638A"} -index 1
loadhw -hw D:/TRENZ_TE0808/TE0808_Ethernet_2018.2/StarterKit/workspace/sdk/zusys_wrapper_hw_platform_0/system.hdf -mem-ranges [list {0x80000000 0xbfffffff} {0x400000000 0x5ffffffff} {0x1000000000 0x7fffffffff}]
configparams force-mem-access 1
targets -set -nocase -filter {name =~"APU*" && jtag_cable_name =~ "JTAG-ONB4 251633002638A"} -index 1
source D:/TRENZ_TE0808/TE0808_Ethernet_2018.2/StarterKit/workspace/sdk/zusys_wrapper_hw_platform_0/psu_init.tcl
psu_init
----------------End of Script----------------

09:38:17 INFO  : Connected to target on host '127.0.0.1' and port '3121'.
09:38:17 INFO  : Jtag cable 'JTAG-ONB4 251633002638A' is selected.
09:38:17 INFO  : 'jtag frequency' command is executed.
09:38:17 INFO  : Sourcing of 'D:/Xilinx/SDK/2018.2/scripts/sdk/util/zynqmp_utils.tcl' is done.
09:38:17 INFO  : Context for 'APU' is selected.
09:38:17 INFO  : Hardware design information is loaded from 'D:/TRENZ_TE0808/TE0808_Ethernet_2018.2/StarterKit/workspace/sdk/zusys_wrapper_hw_platform_0/system.hdf'.
09:38:17 INFO  : 'configparams force-mem-access 1' command is executed.
09:38:17 INFO  : Context for 'APU' is selected.
09:38:17 INFO  : Sourcing of 'D:/TRENZ_TE0808/TE0808_Ethernet_2018.2/StarterKit/workspace/sdk/zusys_wrapper_hw_platform_0/psu_init.tcl' is done.
09:38:18 INFO  : 'psu_init' command is executed.
09:38:19 INFO  : 'after 1000' command is executed.
09:38:19 INFO  : 'psu_ps_pl_isolation_removal' command is executed.
09:38:20 INFO  : 'after 1000' command is executed.
09:38:20 INFO  : 'psu_ps_pl_reset_config' command is executed.
09:38:21 INFO  : 'catch {psu_protection}' command is executed.
09:38:21 INFO  : Context for processor 'psu_cortexa53_0' is selected.
09:38:21 INFO  : Processor reset is completed for 'psu_cortexa53_0'.
09:38:21 INFO  : The application 'D:/TRENZ_TE0808/TE0808_Ethernet_2018.2/StarterKit/workspace/sdk/FSBL/Debug/FSBL.elf' is downloaded to processor 'psu_cortexa53_0'.
09:38:21 INFO  : 'configparams force-mem-access 0' command is executed.
09:38:21 INFO  : ----------------XSDB Script----------------
connect -url tcp:127.0.0.1:3121
source D:/Xilinx/SDK/2018.2/scripts/sdk/util/zynqmp_utils.tcl
targets -set -nocase -filter {name =~"APU*" && jtag_cable_name =~ "JTAG-ONB4 251633002638A"} -index 1
loadhw -hw D:/TRENZ_TE0808/TE0808_Ethernet_2018.2/StarterKit/workspace/sdk/zusys_wrapper_hw_platform_0/system.hdf -mem-ranges [list {0x80000000 0xbfffffff} {0x400000000 0x5ffffffff} {0x1000000000 0x7fffffffff}]
configparams force-mem-access 1
targets -set -nocase -filter {name =~"APU*" && jtag_cable_name =~ "JTAG-ONB4 251633002638A"} -index 1
source D:/TRENZ_TE0808/TE0808_Ethernet_2018.2/StarterKit/workspace/sdk/zusys_wrapper_hw_platform_0/psu_init.tcl
psu_init
after 1000
psu_ps_pl_isolation_removal
after 1000
psu_ps_pl_reset_config
catch {psu_protection}
targets -set -nocase -filter {name =~"*A53*0" && jtag_cable_name =~ "JTAG-ONB4 251633002638A"} -index 1
rst -processor
dow D:/TRENZ_TE0808/TE0808_Ethernet_2018.2/StarterKit/workspace/sdk/FSBL/Debug/FSBL.elf
configparams force-mem-access 0
----------------End of Script----------------

09:38:21 INFO  : Context for processor 'psu_cortexa53_0' is selected.
09:38:21 INFO  : 'con' command is executed.
09:38:21 INFO  : ----------------XSDB Script (After Launch)----------------
targets -set -nocase -filter {name =~"*A53*0" && jtag_cable_name =~ "JTAG-ONB4 251633002638A"} -index 1
con
----------------End of Script----------------

09:38:21 INFO  : Launch script is exported to file 'D:\TRENZ_TE0808\TE0808_Ethernet_2018.2\StarterKit\workspace\sdk\.sdk\launch_scripts\xilinx_c-c++_application_(system_debugger)\system_debugger_using_debug_fsbl.elf_on_local.tcl'
09:42:24 INFO  : Disconnected from the channel tcfchan#1.
09:42:25 INFO  : Connected to target on host '127.0.0.1' and port '3121'.
09:42:31 INFO  : Jtag cable 'JTAG-ONB4 251633002638A' is selected.
09:42:31 INFO  : 'jtag frequency' command is executed.
09:42:31 INFO  : Sourcing of 'D:/Xilinx/SDK/2018.2/scripts/sdk/util/zynqmp_utils.tcl' is done.
09:42:31 INFO  : Context for 'APU' is selected.
09:42:32 INFO  : Hardware design information is loaded from 'D:/TRENZ_TE0808/TE0808_Ethernet_2018.2/StarterKit/workspace/sdk/zusys_wrapper_hw_platform_0/system.hdf'.
09:42:32 INFO  : 'configparams force-mem-access 1' command is executed.
09:42:32 INFO  : Context for 'APU' is selected.
09:42:32 INFO  : Sourcing of 'D:/TRENZ_TE0808/TE0808_Ethernet_2018.2/StarterKit/workspace/sdk/zusys_wrapper_hw_platform_0/psu_init.tcl' is done.
09:42:33 INFO  : 'psu_init' command is executed.
09:42:34 INFO  : 'after 1000' command is executed.
09:42:34 INFO  : 'psu_ps_pl_isolation_removal' command is executed.
09:42:35 INFO  : 'after 1000' command is executed.
09:42:35 INFO  : 'psu_ps_pl_reset_config' command is executed.
09:42:35 INFO  : 'catch {psu_protection}' command is executed.
09:42:35 INFO  : Context for processor 'psu_cortexa53_0' is selected.
09:42:35 INFO  : Processor reset is completed for 'psu_cortexa53_0'.
09:42:35 INFO  : The application 'D:/TRENZ_TE0808/TE0808_Ethernet_2018.2/StarterKit/workspace/sdk/hello/Debug/hello.elf' is downloaded to processor 'psu_cortexa53_0'.
09:42:35 INFO  : 'configparams force-mem-access 0' command is executed.
09:42:35 INFO  : ----------------XSDB Script----------------
connect -url tcp:127.0.0.1:3121
source D:/Xilinx/SDK/2018.2/scripts/sdk/util/zynqmp_utils.tcl
targets -set -nocase -filter {name =~"APU*" && jtag_cable_name =~ "JTAG-ONB4 251633002638A"} -index 1
loadhw -hw D:/TRENZ_TE0808/TE0808_Ethernet_2018.2/StarterKit/workspace/sdk/zusys_wrapper_hw_platform_0/system.hdf -mem-ranges [list {0x80000000 0xbfffffff} {0x400000000 0x5ffffffff} {0x1000000000 0x7fffffffff}]
configparams force-mem-access 1
targets -set -nocase -filter {name =~"APU*" && jtag_cable_name =~ "JTAG-ONB4 251633002638A"} -index 1
source D:/TRENZ_TE0808/TE0808_Ethernet_2018.2/StarterKit/workspace/sdk/zusys_wrapper_hw_platform_0/psu_init.tcl
psu_init
after 1000
psu_ps_pl_isolation_removal
after 1000
psu_ps_pl_reset_config
catch {psu_protection}
targets -set -nocase -filter {name =~"*A53*0" && jtag_cable_name =~ "JTAG-ONB4 251633002638A"} -index 1
rst -processor
dow D:/TRENZ_TE0808/TE0808_Ethernet_2018.2/StarterKit/workspace/sdk/hello/Debug/hello.elf
configparams force-mem-access 0
----------------End of Script----------------

09:42:35 INFO  : Context for processor 'psu_cortexa53_0' is selected.
09:42:35 INFO  : 'con' command is executed.
09:42:35 INFO  : ----------------XSDB Script (After Launch)----------------
targets -set -nocase -filter {name =~"*A53*0" && jtag_cable_name =~ "JTAG-ONB4 251633002638A"} -index 1
con
----------------End of Script----------------

09:42:35 INFO  : Launch script is exported to file 'D:\TRENZ_TE0808\TE0808_Ethernet_2018.2\StarterKit\workspace\sdk\.sdk\launch_scripts\xilinx_c-c++_application_(system_debugger)\system_debugger_using_debug_hello.elf_on_local.tcl'
09:47:02 INFO  : Disconnected from the channel tcfchan#2.
09:47:03 INFO  : Connected to target on host '127.0.0.1' and port '3121'.
09:47:10 INFO  : Jtag cable 'JTAG-ONB4 251633002638A' is selected.
09:47:10 INFO  : 'jtag frequency' command is executed.
09:47:10 INFO  : Sourcing of 'D:/Xilinx/SDK/2018.2/scripts/sdk/util/zynqmp_utils.tcl' is done.
09:47:10 INFO  : Context for 'APU' is selected.
09:47:10 INFO  : Hardware design information is loaded from 'D:/TRENZ_TE0808/TE0808_Ethernet_2018.2/StarterKit/workspace/sdk/zusys_wrapper_hw_platform_0/system.hdf'.
09:47:10 INFO  : 'configparams force-mem-access 1' command is executed.
09:47:10 INFO  : Context for 'APU' is selected.
09:47:10 INFO  : Sourcing of 'D:/TRENZ_TE0808/TE0808_Ethernet_2018.2/StarterKit/workspace/sdk/zusys_wrapper_hw_platform_0/psu_init.tcl' is done.
09:47:11 INFO  : 'psu_init' command is executed.
09:47:12 INFO  : 'after 1000' command is executed.
09:47:12 INFO  : 'psu_ps_pl_isolation_removal' command is executed.
09:47:13 INFO  : 'after 1000' command is executed.
09:47:13 INFO  : 'psu_ps_pl_reset_config' command is executed.
09:47:13 INFO  : 'catch {psu_protection}' command is executed.
09:47:13 INFO  : Context for processor 'psu_cortexa53_0' is selected.
09:47:13 INFO  : Processor reset is completed for 'psu_cortexa53_0'.
09:47:14 INFO  : The application 'D:/TRENZ_TE0808/TE0808_Ethernet_2018.2/StarterKit/workspace/sdk/tcp1/Debug/tcp1.elf' is downloaded to processor 'psu_cortexa53_0'.
09:47:14 INFO  : 'configparams force-mem-access 0' command is executed.
09:47:14 INFO  : ----------------XSDB Script----------------
connect -url tcp:127.0.0.1:3121
source D:/Xilinx/SDK/2018.2/scripts/sdk/util/zynqmp_utils.tcl
targets -set -nocase -filter {name =~"APU*" && jtag_cable_name =~ "JTAG-ONB4 251633002638A"} -index 1
loadhw -hw D:/TRENZ_TE0808/TE0808_Ethernet_2018.2/StarterKit/workspace/sdk/zusys_wrapper_hw_platform_0/system.hdf -mem-ranges [list {0x80000000 0xbfffffff} {0x400000000 0x5ffffffff} {0x1000000000 0x7fffffffff}]
configparams force-mem-access 1
targets -set -nocase -filter {name =~"APU*" && jtag_cable_name =~ "JTAG-ONB4 251633002638A"} -index 1
source D:/TRENZ_TE0808/TE0808_Ethernet_2018.2/StarterKit/workspace/sdk/zusys_wrapper_hw_platform_0/psu_init.tcl
psu_init
after 1000
psu_ps_pl_isolation_removal
after 1000
psu_ps_pl_reset_config
catch {psu_protection}
targets -set -nocase -filter {name =~"*A53*0" && jtag_cable_name =~ "JTAG-ONB4 251633002638A"} -index 1
rst -processor
dow D:/TRENZ_TE0808/TE0808_Ethernet_2018.2/StarterKit/workspace/sdk/tcp1/Debug/tcp1.elf
configparams force-mem-access 0
----------------End of Script----------------

09:47:14 INFO  : Context for processor 'psu_cortexa53_0' is selected.
09:47:14 INFO  : 'con' command is executed.
09:47:14 INFO  : ----------------XSDB Script (After Launch)----------------
targets -set -nocase -filter {name =~"*A53*0" && jtag_cable_name =~ "JTAG-ONB4 251633002638A"} -index 1
con
----------------End of Script----------------

09:47:14 INFO  : Launch script is exported to file 'D:\TRENZ_TE0808\TE0808_Ethernet_2018.2\StarterKit\workspace\sdk\.sdk\launch_scripts\xilinx_c-c++_application_(system_debugger)\system_debugger_using_debug_tcp1.elf_on_local.tcl'
09:53:36 INFO  : Disconnected from the channel tcfchan#3.
09:53:37 INFO  : Connected to target on host '127.0.0.1' and port '3121'.
09:53:44 INFO  : Jtag cable 'JTAG-ONB4 251633002638A' is selected.
09:53:44 INFO  : 'jtag frequency' command is executed.
09:53:44 INFO  : Sourcing of 'D:/Xilinx/SDK/2018.2/scripts/sdk/util/zynqmp_utils.tcl' is done.
09:53:44 INFO  : Context for 'APU' is selected.
09:53:44 INFO  : Hardware design information is loaded from 'D:/TRENZ_TE0808/TE0808_Ethernet_2018.2/StarterKit/workspace/sdk/zusys_wrapper_hw_platform_0/system.hdf'.
09:53:44 INFO  : 'configparams force-mem-access 1' command is executed.
09:53:44 INFO  : Context for 'APU' is selected.
09:53:44 INFO  : Sourcing of 'D:/TRENZ_TE0808/TE0808_Ethernet_2018.2/StarterKit/workspace/sdk/zusys_wrapper_hw_platform_0/psu_init.tcl' is done.
09:53:45 INFO  : 'psu_init' command is executed.
09:53:46 INFO  : 'after 1000' command is executed.
09:53:46 INFO  : 'psu_ps_pl_isolation_removal' command is executed.
09:53:47 INFO  : 'after 1000' command is executed.
09:53:47 INFO  : 'psu_ps_pl_reset_config' command is executed.
09:53:47 INFO  : 'catch {psu_protection}' command is executed.
09:53:47 INFO  : Context for processor 'psu_cortexa53_0' is selected.
09:53:47 INFO  : Processor reset is completed for 'psu_cortexa53_0'.
09:53:48 INFO  : The application 'D:/TRENZ_TE0808/TE0808_Ethernet_2018.2/StarterKit/workspace/sdk/tcp1/Debug/tcp1.elf' is downloaded to processor 'psu_cortexa53_0'.
09:53:48 INFO  : 'configparams force-mem-access 0' command is executed.
09:53:48 INFO  : ----------------XSDB Script----------------
connect -url tcp:127.0.0.1:3121
source D:/Xilinx/SDK/2018.2/scripts/sdk/util/zynqmp_utils.tcl
targets -set -nocase -filter {name =~"APU*" && jtag_cable_name =~ "JTAG-ONB4 251633002638A"} -index 1
loadhw -hw D:/TRENZ_TE0808/TE0808_Ethernet_2018.2/StarterKit/workspace/sdk/zusys_wrapper_hw_platform_0/system.hdf -mem-ranges [list {0x80000000 0xbfffffff} {0x400000000 0x5ffffffff} {0x1000000000 0x7fffffffff}]
configparams force-mem-access 1
targets -set -nocase -filter {name =~"APU*" && jtag_cable_name =~ "JTAG-ONB4 251633002638A"} -index 1
source D:/TRENZ_TE0808/TE0808_Ethernet_2018.2/StarterKit/workspace/sdk/zusys_wrapper_hw_platform_0/psu_init.tcl
psu_init
after 1000
psu_ps_pl_isolation_removal
after 1000
psu_ps_pl_reset_config
catch {psu_protection}
targets -set -nocase -filter {name =~"*A53*0" && jtag_cable_name =~ "JTAG-ONB4 251633002638A"} -index 1
rst -processor
dow D:/TRENZ_TE0808/TE0808_Ethernet_2018.2/StarterKit/workspace/sdk/tcp1/Debug/tcp1.elf
configparams force-mem-access 0
----------------End of Script----------------

09:53:48 INFO  : Context for processor 'psu_cortexa53_0' is selected.
09:53:48 INFO  : 'con' command is executed.
09:53:48 INFO  : ----------------XSDB Script (After Launch)----------------
targets -set -nocase -filter {name =~"*A53*0" && jtag_cable_name =~ "JTAG-ONB4 251633002638A"} -index 1
con
----------------End of Script----------------

09:53:48 INFO  : Launch script is exported to file 'D:\TRENZ_TE0808\TE0808_Ethernet_2018.2\StarterKit\workspace\sdk\.sdk\launch_scripts\xilinx_c-c++_application_(system_debugger)\system_debugger_using_debug_tcp1.elf_on_local.tcl'
09:55:34 INFO  : Disconnected from the channel tcfchan#4.
09:55:35 INFO  : Connected to target on host '127.0.0.1' and port '3121'.
09:55:41 INFO  : Jtag cable 'JTAG-ONB4 251633002638A' is selected.
09:55:41 INFO  : 'jtag frequency' command is executed.
09:55:41 INFO  : Sourcing of 'D:/Xilinx/SDK/2018.2/scripts/sdk/util/zynqmp_utils.tcl' is done.
09:55:41 INFO  : Context for 'APU' is selected.
09:55:41 INFO  : Hardware design information is loaded from 'D:/TRENZ_TE0808/TE0808_Ethernet_2018.2/StarterKit/workspace/sdk/zusys_wrapper_hw_platform_0/system.hdf'.
09:55:41 INFO  : 'configparams force-mem-access 1' command is executed.
09:55:41 INFO  : Context for 'APU' is selected.
09:55:41 INFO  : Sourcing of 'D:/TRENZ_TE0808/TE0808_Ethernet_2018.2/StarterKit/workspace/sdk/zusys_wrapper_hw_platform_0/psu_init.tcl' is done.
09:55:42 INFO  : 'psu_init' command is executed.
09:55:43 INFO  : 'after 1000' command is executed.
09:55:43 INFO  : 'psu_ps_pl_isolation_removal' command is executed.
09:55:45 INFO  : 'after 1000' command is executed.
09:55:45 INFO  : 'psu_ps_pl_reset_config' command is executed.
09:55:45 INFO  : 'catch {psu_protection}' command is executed.
09:55:45 INFO  : Context for processor 'psu_cortexa53_0' is selected.
09:55:45 INFO  : Processor reset is completed for 'psu_cortexa53_0'.
09:55:45 INFO  : The application 'D:/TRENZ_TE0808/TE0808_Ethernet_2018.2/StarterKit/workspace/sdk/tcp1/Debug/tcp1.elf' is downloaded to processor 'psu_cortexa53_0'.
09:55:45 INFO  : 'configparams force-mem-access 0' command is executed.
09:55:45 INFO  : ----------------XSDB Script----------------
connect -url tcp:127.0.0.1:3121
source D:/Xilinx/SDK/2018.2/scripts/sdk/util/zynqmp_utils.tcl
targets -set -nocase -filter {name =~"APU*" && jtag_cable_name =~ "JTAG-ONB4 251633002638A"} -index 1
loadhw -hw D:/TRENZ_TE0808/TE0808_Ethernet_2018.2/StarterKit/workspace/sdk/zusys_wrapper_hw_platform_0/system.hdf -mem-ranges [list {0x80000000 0xbfffffff} {0x400000000 0x5ffffffff} {0x1000000000 0x7fffffffff}]
configparams force-mem-access 1
targets -set -nocase -filter {name =~"APU*" && jtag_cable_name =~ "JTAG-ONB4 251633002638A"} -index 1
source D:/TRENZ_TE0808/TE0808_Ethernet_2018.2/StarterKit/workspace/sdk/zusys_wrapper_hw_platform_0/psu_init.tcl
psu_init
after 1000
psu_ps_pl_isolation_removal
after 1000
psu_ps_pl_reset_config
catch {psu_protection}
targets -set -nocase -filter {name =~"*A53*0" && jtag_cable_name =~ "JTAG-ONB4 251633002638A"} -index 1
rst -processor
dow D:/TRENZ_TE0808/TE0808_Ethernet_2018.2/StarterKit/workspace/sdk/tcp1/Debug/tcp1.elf
configparams force-mem-access 0
----------------End of Script----------------

09:55:45 INFO  : Context for processor 'psu_cortexa53_0' is selected.
09:55:45 INFO  : 'con' command is executed.
09:55:45 INFO  : ----------------XSDB Script (After Launch)----------------
targets -set -nocase -filter {name =~"*A53*0" && jtag_cable_name =~ "JTAG-ONB4 251633002638A"} -index 1
con
----------------End of Script----------------

09:55:45 INFO  : Launch script is exported to file 'D:\TRENZ_TE0808\TE0808_Ethernet_2018.2\StarterKit\workspace\sdk\.sdk\launch_scripts\xilinx_c-c++_application_(system_debugger)\system_debugger_using_debug_tcp1.elf_on_local.tcl'
10:08:14 INFO  : Disconnected from the channel tcfchan#5.
10:08:15 INFO  : Connected to target on host '127.0.0.1' and port '3121'.
10:08:21 INFO  : Jtag cable 'JTAG-ONB4 251633002638A' is selected.
10:08:21 INFO  : 'jtag frequency' command is executed.
10:08:21 INFO  : Sourcing of 'D:/Xilinx/SDK/2018.2/scripts/sdk/util/zynqmp_utils.tcl' is done.
10:08:21 INFO  : Context for 'APU' is selected.
10:08:22 INFO  : Hardware design information is loaded from 'D:/TRENZ_TE0808/TE0808_Ethernet_2018.2/StarterKit/workspace/sdk/zusys_wrapper_hw_platform_0/system.hdf'.
10:08:22 INFO  : 'configparams force-mem-access 1' command is executed.
10:08:22 INFO  : Context for 'APU' is selected.
10:08:22 INFO  : Sourcing of 'D:/TRENZ_TE0808/TE0808_Ethernet_2018.2/StarterKit/workspace/sdk/zusys_wrapper_hw_platform_0/psu_init.tcl' is done.
10:08:23 INFO  : 'psu_init' command is executed.
10:08:24 INFO  : 'after 1000' command is executed.
10:08:24 INFO  : 'psu_ps_pl_isolation_removal' command is executed.
10:08:25 INFO  : 'after 1000' command is executed.
10:08:25 INFO  : 'psu_ps_pl_reset_config' command is executed.
10:08:25 INFO  : 'catch {psu_protection}' command is executed.
10:08:25 INFO  : Context for processor 'psu_cortexa53_0' is selected.
10:08:25 INFO  : Processor reset is completed for 'psu_cortexa53_0'.
10:08:25 INFO  : The application 'D:/TRENZ_TE0808/TE0808_Ethernet_2018.2/StarterKit/workspace/sdk/tcp1/Debug/tcp1.elf' is downloaded to processor 'psu_cortexa53_0'.
10:08:25 INFO  : 'configparams force-mem-access 0' command is executed.
10:08:25 INFO  : ----------------XSDB Script----------------
connect -url tcp:127.0.0.1:3121
source D:/Xilinx/SDK/2018.2/scripts/sdk/util/zynqmp_utils.tcl
targets -set -nocase -filter {name =~"APU*" && jtag_cable_name =~ "JTAG-ONB4 251633002638A"} -index 1
loadhw -hw D:/TRENZ_TE0808/TE0808_Ethernet_2018.2/StarterKit/workspace/sdk/zusys_wrapper_hw_platform_0/system.hdf -mem-ranges [list {0x80000000 0xbfffffff} {0x400000000 0x5ffffffff} {0x1000000000 0x7fffffffff}]
configparams force-mem-access 1
targets -set -nocase -filter {name =~"APU*" && jtag_cable_name =~ "JTAG-ONB4 251633002638A"} -index 1
source D:/TRENZ_TE0808/TE0808_Ethernet_2018.2/StarterKit/workspace/sdk/zusys_wrapper_hw_platform_0/psu_init.tcl
psu_init
after 1000
psu_ps_pl_isolation_removal
after 1000
psu_ps_pl_reset_config
catch {psu_protection}
targets -set -nocase -filter {name =~"*A53*0" && jtag_cable_name =~ "JTAG-ONB4 251633002638A"} -index 1
rst -processor
dow D:/TRENZ_TE0808/TE0808_Ethernet_2018.2/StarterKit/workspace/sdk/tcp1/Debug/tcp1.elf
configparams force-mem-access 0
----------------End of Script----------------

10:08:26 INFO  : Context for processor 'psu_cortexa53_0' is selected.
10:08:26 INFO  : 'con' command is executed.
10:08:26 INFO  : ----------------XSDB Script (After Launch)----------------
targets -set -nocase -filter {name =~"*A53*0" && jtag_cable_name =~ "JTAG-ONB4 251633002638A"} -index 1
con
----------------End of Script----------------

10:08:26 INFO  : Launch script is exported to file 'D:\TRENZ_TE0808\TE0808_Ethernet_2018.2\StarterKit\workspace\sdk\.sdk\launch_scripts\xilinx_c-c++_application_(system_debugger)\system_debugger_using_debug_tcp1.elf_on_local.tcl'
11:22:32 INFO  : Disconnected from the channel tcfchan#6.
11:38:45 INFO  : Launching XSCT server: xsct.bat -interactive D:\TRENZ_TE0808\TE0808_Ethernet_2018.2\StarterKit\workspace\sdk\temp_xsdb_launch_script.tcl
11:38:50 INFO  : XSCT server has started successfully.
11:38:51 INFO  : Successfully done setting XSCT server connection channel  
11:38:52 INFO  : Successfully done setting SDK workspace  
11:38:52 INFO  : Restoring local repository preferences: 
		 D:/TRENZ_TE0808/TE0808_Ethernet_2018.2/StarterKit/sw_lib
11:39:06 INFO  : Registering command handlers for SDK TCF services
11:39:06 INFO  : Processing command line option -hwspec D:/TRENZ_TE0808/TE0808_Ethernet_2018.2/StarterKit/workspace/sdk/zusys_wrapper.hdf.
11:39:06 INFO  : Processing command line option -lp D:/TRENZ_TE0808/TE0808_Ethernet_2018.2/StarterKit/sw_lib.
11:39:06 INFO  : Checking for hwspec changes in the project zusys_wrapper_hw_platform_0.
11:39:06 INFO  : SDK has detected change in the last modified timestamps for source hardware specification file Source:1578537373513,  Project:1578528915166
11:39:06 INFO  : The hardware specification for project 'zusys_wrapper_hw_platform_0' is different from D:/TRENZ_TE0808/TE0808_Ethernet_2018.2/StarterKit/workspace/sdk/zusys_wrapper.hdf.
11:39:07 INFO  : Copied contents of D:/TRENZ_TE0808/TE0808_Ethernet_2018.2/StarterKit/workspace/sdk/zusys_wrapper.hdf into \zusys_wrapper_hw_platform_0\system.hdf.
11:39:28 INFO  : Synchronizing projects in the workspace with the hardware platform specification changes.
11:39:45 INFO  : 
11:39:51 INFO  : 
11:40:00 INFO  : 
11:40:01 INFO  : Updating hardware inferred compiler options for FSBL.
11:40:02 INFO  : Updating hardware inferred compiler options for hello.
11:40:02 INFO  : Updating hardware inferred compiler options for tcp1.
11:40:02 INFO  : Clearing existing target manager status.
